mode: set
github.com/webdriver/firefox_profile.go:14.47,18.45 2 1
github.com/webdriver/firefox_profile.go:50.3,50.13 1 1
github.com/webdriver/firefox_profile.go:18.45,20.52 1 1
github.com/webdriver/firefox_profile.go:20.52,24.52 2 1
github.com/webdriver/firefox_profile.go:24.52,33.110 4 1
github.com/webdriver/firefox_profile.go:33.110,39.36 3 1
github.com/webdriver/firefox_profile.go:39.36,41.12 1 1
github.com/webdriver/firefox_profile.go:59.76,63.21 2 1
github.com/webdriver/firefox_profile.go:95.3,95.21 1 1
github.com/webdriver/firefox_profile.go:63.21,69.50 3 1
github.com/webdriver/firefox_profile.go:69.50,74.36 2 1
github.com/webdriver/firefox_profile.go:74.36,78.34 2 1
github.com/webdriver/firefox_profile.go:78.34,80.10 1 1
github.com/webdriver/firefox_profile.go:82.8,85.8 2 1
github.com/webdriver/firefox_profile.go:87.6,89.6 1 1
github.com/webdriver/firefox_profile.go:91.4,93.4 1 1
github.com/webdriver/firefox_profile.go:99.67,176.2 2 1
github.com/webdriver/firefox_profile.go:179.76,183.45 2 1
github.com/webdriver/firefox_profile.go:243.3,243.21 1 1
github.com/webdriver/firefox_profile.go:183.45,196.50 3 1
github.com/webdriver/firefox_profile.go:196.50,201.26 3 1
github.com/webdriver/firefox_profile.go:234.7,234.26 1 1
github.com/webdriver/firefox_profile.go:201.26,210.43 3 1
github.com/webdriver/firefox_profile.go:215.9,215.44 1 1
github.com/webdriver/firefox_profile.go:226.9,231.28 4 1
github.com/webdriver/firefox_profile.go:210.43,212.10 1 1
github.com/webdriver/firefox_profile.go:215.44,217.10 1 1
github.com/webdriver/firefox_profile.go:238.4,241.4 2 1
github.com/webdriver/tcp.go:12.73,18.7 3 1
github.com/webdriver/tcp.go:39.3,39.13 1 1
github.com/webdriver/tcp.go:18.7,21.64 1 1
github.com/webdriver/tcp.go:28.5,33.45 2 1
github.com/webdriver/tcp.go:21.64,24.12 2 1
github.com/webdriver/tcp.go:33.45,35.6 1 1
github.com/webdriver/tcp.go:42.93,48.7 3 1
github.com/webdriver/tcp.go:68.3,68.18 1 1
github.com/webdriver/tcp.go:48.7,51.64 1 1
github.com/webdriver/tcp.go:56.5,61.45 2 1
github.com/webdriver/tcp.go:51.64,54.6 1 1
github.com/webdriver/tcp.go:61.45,63.12 2 1
github.com/webdriver/tcp.go:71.93,75.15 2 1
github.com/webdriver/tcp.go:115.3,115.22 1 1
github.com/webdriver/tcp.go:75.15,82.35 2 1
github.com/webdriver/tcp.go:82.35,87.66 2 1
github.com/webdriver/tcp.go:99.7,104.47 2 1
github.com/webdriver/tcp.go:87.66,96.14 3 1
github.com/webdriver/tcp.go:104.47,106.14 2 1
github.com/webdriver/tcp.go:111.4,113.4 1 1
github.com/webdriver/wire.go:50.53,52.21 1 1
github.com/webdriver/wire.go:56.3,56.15 1 1
github.com/webdriver/wire.go:52.21,54.4 1 1
github.com/webdriver/wire.go:60.67,62.21 1 1
github.com/webdriver/wire.go:66.3,66.20 1 1
github.com/webdriver/wire.go:62.21,64.4 1 1
github.com/webdriver/wire.go:74.95,81.54 2 1
github.com/webdriver/wire.go:87.3,87.54 1 1
github.com/webdriver/wire.go:94.3,95.58 2 1
github.com/webdriver/wire.go:101.3,101.27 1 1
github.com/webdriver/wire.go:81.54,83.4 1 1
github.com/webdriver/wire.go:83.4,85.4 1 1
github.com/webdriver/wire.go:87.54,89.4 1 1
github.com/webdriver/wire.go:89.4,91.4 1 1
github.com/webdriver/wire.go:95.58,99.4 1 1
github.com/webdriver/wire.go:110.65,112.78 1 1
github.com/webdriver/wire.go:118.3,118.27 1 1
github.com/webdriver/wire.go:112.78,116.4 1 1
github.com/webdriver/wire.go:126.65,128.59 1 1
github.com/webdriver/wire.go:134.3,134.27 1 1
github.com/webdriver/wire.go:128.59,132.4 1 1
github.com/webdriver/wire.go:142.64,144.77 1 1
github.com/webdriver/wire.go:150.3,150.27 1 1
github.com/webdriver/wire.go:144.77,148.4 1 1
github.com/webdriver/wire.go:165.67,167.61 1 1
github.com/webdriver/wire.go:173.3,173.27 1 1
github.com/webdriver/wire.go:167.61,171.4 1 1
github.com/webdriver/wire.go:184.69,186.71 1 1
github.com/webdriver/wire.go:192.3,192.27 1 1
github.com/webdriver/wire.go:186.71,190.4 1 1
github.com/webdriver/wire.go:201.65,203.74 1 1
github.com/webdriver/wire.go:209.3,209.27 1 1
github.com/webdriver/wire.go:203.74,207.4 1 1
github.com/webdriver/wire.go:222.72,226.64 2 1
github.com/webdriver/wire.go:232.3,232.27 1 1
github.com/webdriver/wire.go:226.64,230.4 1 1
github.com/webdriver/wire.go:241.66,244.79 2 1
github.com/webdriver/wire.go:250.3,250.27 1 1
github.com/webdriver/wire.go:244.79,248.4 1 1
github.com/webdriver/wire.go:259.63,262.76 2 1
github.com/webdriver/wire.go:268.3,268.27 1 1
github.com/webdriver/wire.go:262.76,266.4 1 1
github.com/webdriver/wire.go:277.66,280.79 2 1
github.com/webdriver/wire.go:286.3,286.27 1 1
github.com/webdriver/wire.go:280.79,284.4 1 1
github.com/webdriver/wire_http.go:18.94,20.2 1 1
github.com/webdriver/wire_http.go:23.91,25.2 1 1
github.com/webdriver/wire_http.go:28.92,30.2 1 1
github.com/webdriver/wire_http.go:43.106,47.21 2 1
github.com/webdriver/wire_http.go:51.3,51.52 1 1
github.com/webdriver/wire_http.go:65.3,65.18 1 1
github.com/webdriver/wire_http.go:47.21,49.4 1 1
github.com/webdriver/wire_http.go:51.52,53.99 1 1
github.com/webdriver/wire_http.go:53.99,58.49 3 1
github.com/webdriver/wire_http.go:58.49,60.8 1 1
github.com/webdriver/wire_http.go:81.48,83.2 1 1
github.com/webdriver/wire_http.go:88.78,91.57 2 1
github.com/webdriver/wire_http.go:110.3,110.27 1 1
github.com/webdriver/wire_http.go:91.57,98.31 1 1
github.com/webdriver/wire_http.go:98.31,101.62 2 1
github.com/webdriver/wire_http.go:101.62,106.8 2 1
github.com/webdriver/chrome.go:37.44,38.19 1 1
github.com/webdriver/chrome.go:39.3,39.23 1 1
github.com/webdriver/chrome.go:40.3,40.18 1 1
github.com/webdriver/chrome.go:41.3,41.21 1 1
github.com/webdriver/chrome.go:43.3,47.13 4 1
github.com/webdriver/chrome.go:38.19,38.41 1 1
github.com/webdriver/chrome.go:39.23,39.52 1 1
github.com/webdriver/chrome.go:40.18,40.33 1 1
github.com/webdriver/chrome.go:41.21,41.37 1 1
github.com/webdriver/chrome.go:63.36,65.40 1 1
github.com/webdriver/chrome.go:83.3,83.13 1 1
github.com/webdriver/chrome.go:65.40,81.4 7 1
github.com/webdriver/chrome.go:86.52,88.20 1 1
github.com/webdriver/chrome.go:92.3,92.22 1 1
github.com/webdriver/chrome.go:96.3,96.17 1 1
github.com/webdriver/chrome.go:100.3,100.25 1 1
github.com/webdriver/chrome.go:104.3,104.15 1 1
github.com/webdriver/chrome.go:108.3,108.22 1 1
github.com/webdriver/chrome.go:112.3,112.16 1 1
github.com/webdriver/chrome.go:116.3,116.24 1 1
github.com/webdriver/chrome.go:120.3,120.17 1 1
github.com/webdriver/chrome.go:88.20,90.4 1 1
github.com/webdriver/chrome.go:92.22,94.4 1 1
github.com/webdriver/chrome.go:96.17,98.4 1 1
github.com/webdriver/chrome.go:100.25,102.4 1 1
github.com/webdriver/chrome.go:104.15,106.4 1 1
github.com/webdriver/chrome.go:108.22,110.4 1 1
github.com/webdriver/chrome.go:112.16,114.4 1 1
github.com/webdriver/chrome.go:116.24,118.4 1 1
github.com/webdriver/chrome.go:126.38,128.23 1 1
github.com/webdriver/chrome.go:137.3,137.13 1 1
github.com/webdriver/chrome.go:128.23,130.39 1 1
github.com/webdriver/chrome.go:134.5,134.21 1 1
github.com/webdriver/chrome.go:130.39,132.6 1 1
github.com/webdriver/firefox.go:46.45,48.28 1 1
github.com/webdriver/firefox.go:49.3,49.29 1 1
github.com/webdriver/firefox.go:50.3,50.19 1 1
github.com/webdriver/firefox.go:51.3,51.25 1 1
github.com/webdriver/firefox.go:52.3,52.23 1 1
github.com/webdriver/firefox.go:53.3,53.18 1 1
github.com/webdriver/firefox.go:54.3,54.21 1 1
github.com/webdriver/firefox.go:55.3,55.27 1 1
github.com/webdriver/firefox.go:57.3,62.25 5 1
github.com/webdriver/firefox.go:67.3,67.29 1 1
github.com/webdriver/firefox.go:75.3,75.47 1 1
github.com/webdriver/firefox.go:84.3,84.31 1 1
github.com/webdriver/firefox.go:85.3,85.37 1 1
github.com/webdriver/firefox.go:86.3,86.39 1 1
github.com/webdriver/firefox.go:102.3,102.25 1 1
github.com/webdriver/firefox.go:114.3,121.13 6 1
github.com/webdriver/firefox.go:48.28,48.53 1 1
github.com/webdriver/firefox.go:49.29,49.55 1 1
github.com/webdriver/firefox.go:50.19,50.41 1 1
github.com/webdriver/firefox.go:51.25,51.47 1 1
github.com/webdriver/firefox.go:52.23,52.47 1 1
github.com/webdriver/firefox.go:53.18,53.33 1 1
github.com/webdriver/firefox.go:54.21,54.37 1 1
github.com/webdriver/firefox.go:55.27,55.53 1 1
github.com/webdriver/firefox.go:62.25,64.4 1 1
github.com/webdriver/firefox.go:67.29,71.4 3 1
github.com/webdriver/firefox.go:75.47,82.4 4 1
github.com/webdriver/firefox.go:84.31,84.62 1 1
github.com/webdriver/firefox.go:85.37,85.74 1 1
github.com/webdriver/firefox.go:86.39,96.4 1 1
github.com/webdriver/firefox.go:102.25,108.30 2 1
github.com/webdriver/firefox.go:108.30,110.6 1 1
github.com/webdriver/firefox.go:125.37,128.40 2 1
github.com/webdriver/firefox.go:181.3,181.13 1 1
github.com/webdriver/firefox.go:128.40,131.105 2 1
github.com/webdriver/firefox.go:131.105,137.108 3 1
github.com/webdriver/firefox.go:137.108,141.48 2 1
github.com/webdriver/firefox.go:141.48,173.10 13 1
github.com/webdriver/firefox.go:185.39,189.23 2 1
github.com/webdriver/firefox.go:196.3,198.34 2 1
github.com/webdriver/firefox.go:209.3,209.13 1 1
github.com/webdriver/firefox.go:189.23,194.4 3 1
github.com/webdriver/firefox.go:198.34,200.51 1 1
github.com/webdriver/firefox.go:200.51,205.6 2 1
github.com/webdriver/firefox_extension.go:39.44,48.83 3 1
github.com/webdriver/firefox_extension.go:64.3,64.13 1 1
github.com/webdriver/firefox_extension.go:48.83,51.69 1 1
github.com/webdriver/firefox_extension.go:51.69,53.55 1 1
github.com/webdriver/firefox_extension.go:53.55,58.8 1 1
github.com/webdriver/firefox_extension.go:67.54,79.56 2 1
github.com/webdriver/firefox_extension.go:98.3,98.13 1 1
github.com/webdriver/firefox_extension.go:79.56,86.19 3 1
github.com/webdriver/firefox_extension.go:86.19,91.6 4 1
github.com/webdriver/firefox_extension.go:91.6,93.6 1 1
github.com/webdriver/firefox_extension.go:94.4,96.4 1 1
github.com/webdriver/firefox_extension.go:105.58,112.53 4 1
github.com/webdriver/firefox_extension.go:129.3,131.13 2 1
github.com/webdriver/firefox_extension.go:112.53,113.68 1 1
github.com/webdriver/firefox_extension.go:113.68,116.38 2 1
github.com/webdriver/firefox_extension.go:116.38,118.54 1 1
github.com/webdriver/firefox_extension.go:122.9,122.19 1 1
github.com/webdriver/firefox_extension.go:118.54,119.16 1 1
github.com/webdriver/firefox_extension.go:135.63,140.39 2 1
github.com/webdriver/firefox_extension.go:162.3,162.13 1 1
github.com/webdriver/firefox_extension.go:140.39,144.29 3 1
github.com/webdriver/firefox_extension.go:144.29,146.6 1 1
github.com/webdriver/firefox_extension.go:146.6,151.72 2 1
github.com/webdriver/firefox_extension.go:151.72,156.8 2 1
github.com/webdriver/firefox_extension.go:167.76,172.53 3 1
github.com/webdriver/firefox_extension.go:208.3,208.28 1 1
github.com/webdriver/firefox_extension.go:172.53,177.68 1 1
github.com/webdriver/firefox_extension.go:177.68,180.38 2 1
github.com/webdriver/firefox_extension.go:180.38,182.32 1 1
github.com/webdriver/firefox_extension.go:182.32,183.55 1 1
github.com/webdriver/firefox_extension.go:183.55,185.49 1 1
github.com/webdriver/firefox_extension.go:185.49,188.65 2 1
github.com/webdriver/firefox_extension.go:196.15,196.27 1 1
github.com/webdriver/firefox_extension.go:188.65,191.71 2 1
github.com/webdriver/firefox_extension.go:191.71,193.18 1 1
github.com/webdriver/firefox_extension.go:200.10,201.16 1 1
github.com/webdriver/firefox_extension.go:213.56,218.62 3 1
github.com/webdriver/firefox_extension.go:224.3,224.17 1 1
github.com/webdriver/firefox_extension.go:235.3,235.13 1 1
github.com/webdriver/firefox_extension.go:218.62,222.4 1 1
github.com/webdriver/firefox_extension.go:224.17,227.19 2 1
github.com/webdriver/firefox_extension.go:227.19,231.6 3 1
github.com/webdriver/firefox_extension.go:252.55,254.43 1 1
github.com/webdriver/firefox_extension.go:269.3,269.13 1 1
github.com/webdriver/firefox_extension.go:254.43,256.46 1 1
github.com/webdriver/firefox_extension.go:256.46,258.21 1 1
github.com/webdriver/firefox_extension.go:258.21,261.60 2 1
github.com/webdriver/firefox_extension.go:261.60,263.10 1 1
github.com/webdriver/session.go:27.46,32.2 2 1
github.com/webdriver/session.go:34.45,39.2 2 1
github.com/webdriver/session.go:58.92,63.65 2 1
github.com/webdriver/session.go:91.3,91.22 1 1
github.com/webdriver/session.go:63.65,82.75 7 1
github.com/webdriver/session.go:82.75,86.6 1 1
