mode: set
github.com/webdriver/tcp.go:12.73,18.7 3 1
github.com/webdriver/tcp.go:39.3,39.13 1 1
github.com/webdriver/tcp.go:18.7,21.64 1 1
github.com/webdriver/tcp.go:28.5,33.45 2 1
github.com/webdriver/tcp.go:21.64,24.12 2 1
github.com/webdriver/tcp.go:33.45,35.6 1 1
github.com/webdriver/tcp.go:42.93,48.7 3 1
github.com/webdriver/tcp.go:68.3,68.18 1 1
github.com/webdriver/tcp.go:48.7,51.64 1 1
github.com/webdriver/tcp.go:56.5,61.45 2 1
github.com/webdriver/tcp.go:51.64,54.6 1 1
github.com/webdriver/tcp.go:61.45,63.12 2 1
github.com/webdriver/tcp.go:71.93,75.15 2 1
github.com/webdriver/tcp.go:115.3,115.22 1 1
github.com/webdriver/tcp.go:75.15,82.35 2 1
github.com/webdriver/tcp.go:82.35,87.66 2 1
github.com/webdriver/tcp.go:99.7,104.47 2 1
github.com/webdriver/tcp.go:87.66,96.14 3 1
github.com/webdriver/tcp.go:104.47,106.14 2 1
github.com/webdriver/tcp.go:111.4,113.4 1 1
github.com/webdriver/wire.go:71.48,73.2 1 1
github.com/webdriver/wire.go:94.38,96.32 1 1
github.com/webdriver/wire.go:100.3,100.11 1 1
github.com/webdriver/wire.go:96.32,98.4 1 1
github.com/webdriver/wire.go:181.38,184.81 2 1
github.com/webdriver/wire.go:190.3,190.11 1 1
github.com/webdriver/wire.go:184.81,188.4 1 1
github.com/webdriver/wire.go:326.79,337.42 2 1
github.com/webdriver/wire.go:341.3,341.42 1 1
github.com/webdriver/wire.go:345.3,346.77 2 1
github.com/webdriver/wire.go:377.3,377.26 1 1
github.com/webdriver/wire.go:337.42,339.4 1 1
github.com/webdriver/wire.go:341.42,343.4 1 1
github.com/webdriver/wire.go:346.77,348.53 1 1
github.com/webdriver/wire.go:348.53,364.89 6 1
github.com/webdriver/wire.go:364.89,371.8 2 1
github.com/webdriver/wire.go:431.31,434.66 2 1
github.com/webdriver/wire.go:440.3,440.11 1 1
github.com/webdriver/wire.go:434.66,438.4 1 1
github.com/webdriver/wire.go:444.56,446.45 1 1
github.com/webdriver/wire.go:450.3,450.24 1 1
github.com/webdriver/wire.go:446.45,448.4 1 1
github.com/webdriver/wire.go:456.31,458.2 1 1
github.com/webdriver/wire.go:465.30,468.84 2 1
github.com/webdriver/wire.go:474.3,474.11 1 1
github.com/webdriver/wire.go:468.84,472.4 1 1
github.com/webdriver/wire.go:487.38,490.99 2 1
github.com/webdriver/wire.go:496.3,496.11 1 1
github.com/webdriver/wire.go:490.99,494.4 1 1
github.com/webdriver/wire_http.go:12.94,14.2 1 1
github.com/webdriver/wire_http.go:17.91,19.2 1 1
github.com/webdriver/wire_http.go:22.92,24.2 1 1
github.com/webdriver/wire_http.go:37.106,41.21 2 1
github.com/webdriver/wire_http.go:45.3,45.52 1 1
github.com/webdriver/wire_http.go:59.3,59.18 1 1
github.com/webdriver/wire_http.go:41.21,43.4 1 1
github.com/webdriver/wire_http.go:45.52,47.99 1 1
github.com/webdriver/wire_http.go:47.99,52.49 3 1
github.com/webdriver/wire_http.go:52.49,54.8 1 1
github.com/webdriver/wire_http.go:65.78,71.57 3 1
github.com/webdriver/wire_http.go:91.3,91.27 1 1
github.com/webdriver/wire_http.go:71.57,80.31 3 1
github.com/webdriver/wire_http.go:80.31,83.62 2 1
github.com/webdriver/wire_http.go:83.62,87.8 1 1
github.com/webdriver/chrome.go:35.44,36.19 1 1
github.com/webdriver/chrome.go:37.3,37.23 1 1
github.com/webdriver/chrome.go:38.3,38.18 1 1
github.com/webdriver/chrome.go:39.3,39.21 1 1
github.com/webdriver/chrome.go:41.3,43.13 2 1
github.com/webdriver/chrome.go:36.19,36.41 1 1
github.com/webdriver/chrome.go:37.23,37.52 1 1
github.com/webdriver/chrome.go:38.18,38.33 1 1
github.com/webdriver/chrome.go:39.21,39.37 1 1
github.com/webdriver/chrome.go:59.36,61.40 1 1
github.com/webdriver/chrome.go:78.3,78.13 1 1
github.com/webdriver/chrome.go:61.40,76.4 6 1
github.com/webdriver/chrome.go:81.52,83.20 1 1
github.com/webdriver/chrome.go:87.3,87.22 1 1
github.com/webdriver/chrome.go:91.3,91.17 1 1
github.com/webdriver/chrome.go:95.3,95.25 1 1
github.com/webdriver/chrome.go:99.3,99.15 1 1
github.com/webdriver/chrome.go:103.3,103.22 1 1
github.com/webdriver/chrome.go:107.3,107.16 1 1
github.com/webdriver/chrome.go:111.3,111.24 1 1
github.com/webdriver/chrome.go:115.3,115.17 1 1
github.com/webdriver/chrome.go:83.20,85.4 1 1
github.com/webdriver/chrome.go:87.22,89.4 1 1
github.com/webdriver/chrome.go:91.17,93.4 1 1
github.com/webdriver/chrome.go:95.25,97.4 1 1
github.com/webdriver/chrome.go:99.15,101.4 1 1
github.com/webdriver/chrome.go:103.22,105.4 1 1
github.com/webdriver/chrome.go:107.16,109.4 1 1
github.com/webdriver/chrome.go:111.24,113.4 1 1
github.com/webdriver/chrome.go:121.38,123.23 1 1
github.com/webdriver/chrome.go:130.3,130.13 1 1
github.com/webdriver/chrome.go:123.23,128.4 2 1
github.com/webdriver/chrome.go:133.45,135.2 1 1
