mode: set
github.com/webdriver/firefox_profile.go:14.47,18.45 2 1
github.com/webdriver/firefox_profile.go:50.3,50.13 1 1
github.com/webdriver/firefox_profile.go:18.45,20.52 1 1
github.com/webdriver/firefox_profile.go:20.52,24.52 2 1
github.com/webdriver/firefox_profile.go:24.52,33.110 4 1
github.com/webdriver/firefox_profile.go:33.110,39.36 3 1
github.com/webdriver/firefox_profile.go:39.36,41.12 1 1
github.com/webdriver/firefox_profile.go:59.76,63.21 2 1
github.com/webdriver/firefox_profile.go:95.3,95.21 1 1
github.com/webdriver/firefox_profile.go:63.21,69.50 3 1
github.com/webdriver/firefox_profile.go:69.50,74.36 2 1
github.com/webdriver/firefox_profile.go:74.36,78.34 2 1
github.com/webdriver/firefox_profile.go:78.34,80.10 1 1
github.com/webdriver/firefox_profile.go:82.8,85.8 2 1
github.com/webdriver/firefox_profile.go:87.6,89.6 1 1
github.com/webdriver/firefox_profile.go:91.4,93.4 1 1
github.com/webdriver/firefox_profile.go:99.67,176.2 2 1
github.com/webdriver/firefox_profile.go:179.76,183.45 2 1
github.com/webdriver/firefox_profile.go:243.3,243.21 1 1
github.com/webdriver/firefox_profile.go:183.45,196.50 3 1
github.com/webdriver/firefox_profile.go:196.50,201.26 3 1
github.com/webdriver/firefox_profile.go:234.7,234.26 1 1
github.com/webdriver/firefox_profile.go:201.26,210.43 3 1
github.com/webdriver/firefox_profile.go:215.9,215.44 1 1
github.com/webdriver/firefox_profile.go:226.9,231.28 4 1
github.com/webdriver/firefox_profile.go:210.43,212.10 1 1
github.com/webdriver/firefox_profile.go:215.44,217.10 1 1
github.com/webdriver/firefox_profile.go:238.4,241.4 2 1
github.com/webdriver/wire_element.go:34.95,38.84 2 1
github.com/webdriver/wire_element.go:47.3,47.27 1 1
github.com/webdriver/wire_element.go:38.84,41.28 2 1
github.com/webdriver/wire_element.go:41.28,43.6 1 1
github.com/webdriver/wire_element.go:76.96,80.84 2 1
github.com/webdriver/wire_element.go:90.3,90.27 1 1
github.com/webdriver/wire_element.go:80.84,84.28 2 1
github.com/webdriver/wire_element.go:84.28,86.6 1 1
github.com/webdriver/wire_http.go:36.98,38.2 1 1
github.com/webdriver/wire_http.go:41.95,43.2 1 1
github.com/webdriver/wire_http.go:46.96,48.2 1 1
github.com/webdriver/wire_http.go:61.110,65.21 2 1
github.com/webdriver/wire_http.go:69.3,69.52 1 1
github.com/webdriver/wire_http.go:83.3,83.18 1 1
github.com/webdriver/wire_http.go:65.21,67.4 1 1
github.com/webdriver/wire_http.go:69.52,71.99 1 1
github.com/webdriver/wire_http.go:71.99,76.49 3 1
github.com/webdriver/wire_http.go:76.49,78.8 1 1
github.com/webdriver/wire_http.go:99.52,101.2 1 1
github.com/webdriver/wire_http.go:106.82,109.57 2 1
github.com/webdriver/wire_http.go:129.3,129.27 1 1
github.com/webdriver/wire_http.go:109.57,118.31 3 1
github.com/webdriver/wire_http.go:118.31,121.62 2 1
github.com/webdriver/wire_http.go:121.62,125.8 1 1
github.com/webdriver/wire_response.go:25.53,27.21 1 1
github.com/webdriver/wire_response.go:31.3,31.15 1 1
github.com/webdriver/wire_response.go:27.21,29.4 1 1
github.com/webdriver/wire_response.go:35.67,37.21 1 1
github.com/webdriver/wire_response.go:41.3,41.20 1 1
github.com/webdriver/wire_response.go:37.21,39.4 1 1
github.com/webdriver/wire_response.go:45.68,47.21 1 1
github.com/webdriver/wire_response.go:52.3,52.20 1 1
github.com/webdriver/wire_response.go:47.21,50.4 2 1
github.com/webdriver/wire_response.go:56.71,58.21 1 1
github.com/webdriver/wire_response.go:65.3,65.20 1 1
github.com/webdriver/wire_response.go:58.21,60.29 2 1
github.com/webdriver/wire_response.go:60.29,62.6 1 1
github.com/webdriver/chrome.go:37.44,38.19 1 1
github.com/webdriver/chrome.go:39.3,39.23 1 1
github.com/webdriver/chrome.go:40.3,40.18 1 1
github.com/webdriver/chrome.go:41.3,41.21 1 1
github.com/webdriver/chrome.go:43.3,48.13 5 1
github.com/webdriver/chrome.go:38.19,38.41 1 1
github.com/webdriver/chrome.go:39.23,39.52 1 1
github.com/webdriver/chrome.go:40.18,40.33 1 1
github.com/webdriver/chrome.go:41.21,41.37 1 1
github.com/webdriver/chrome.go:64.36,66.40 1 1
github.com/webdriver/chrome.go:84.3,84.13 1 1
github.com/webdriver/chrome.go:66.40,82.4 7 1
github.com/webdriver/chrome.go:87.52,89.20 1 1
github.com/webdriver/chrome.go:93.3,93.22 1 1
github.com/webdriver/chrome.go:97.3,97.17 1 1
github.com/webdriver/chrome.go:101.3,101.25 1 1
github.com/webdriver/chrome.go:105.3,105.15 1 1
github.com/webdriver/chrome.go:109.3,109.22 1 1
github.com/webdriver/chrome.go:113.3,113.16 1 1
github.com/webdriver/chrome.go:117.3,117.24 1 1
github.com/webdriver/chrome.go:121.3,121.17 1 1
github.com/webdriver/chrome.go:89.20,91.4 1 1
github.com/webdriver/chrome.go:93.22,95.4 1 1
github.com/webdriver/chrome.go:97.17,99.4 1 1
github.com/webdriver/chrome.go:101.25,103.4 1 1
github.com/webdriver/chrome.go:105.15,107.4 1 1
github.com/webdriver/chrome.go:109.22,111.4 1 1
github.com/webdriver/chrome.go:113.16,115.4 1 1
github.com/webdriver/chrome.go:117.24,119.4 1 1
github.com/webdriver/chrome.go:127.38,129.23 1 1
github.com/webdriver/chrome.go:138.3,138.13 1 1
github.com/webdriver/chrome.go:129.23,131.39 1 1
github.com/webdriver/chrome.go:135.5,135.21 1 1
github.com/webdriver/chrome.go:131.39,133.6 1 1
github.com/webdriver/session.go:27.46,33.2 3 1
github.com/webdriver/session.go:35.45,41.2 3 1
github.com/webdriver/session.go:60.92,65.65 2 1
github.com/webdriver/session.go:93.3,93.22 1 1
github.com/webdriver/session.go:65.65,84.75 7 1
github.com/webdriver/session.go:84.75,88.6 1 1
github.com/webdriver/wire.go:29.42,34.2 2 1
github.com/webdriver/wire.go:42.63,45.76 2 1
github.com/webdriver/wire.go:51.3,51.27 1 1
github.com/webdriver/wire.go:45.76,49.4 1 1
github.com/webdriver/wire.go:60.65,62.74 1 1
github.com/webdriver/wire.go:68.3,68.27 1 1
github.com/webdriver/wire.go:62.74,66.4 1 1
github.com/webdriver/wire.go:79.69,81.71 1 1
github.com/webdriver/wire.go:87.3,87.27 1 1
github.com/webdriver/wire.go:81.71,85.4 1 1
github.com/webdriver/wire.go:96.66,99.79 2 1
github.com/webdriver/wire.go:105.3,105.27 1 1
github.com/webdriver/wire.go:99.79,103.4 1 1
github.com/webdriver/wire.go:114.66,117.79 2 1
github.com/webdriver/wire.go:123.3,123.27 1 1
github.com/webdriver/wire.go:117.79,121.4 1 1
github.com/webdriver/wire.go:131.95,138.54 2 1
github.com/webdriver/wire.go:144.3,144.54 1 1
github.com/webdriver/wire.go:151.3,152.58 2 1
github.com/webdriver/wire.go:158.3,158.27 1 1
github.com/webdriver/wire.go:138.54,140.4 1 1
github.com/webdriver/wire.go:140.4,142.4 1 1
github.com/webdriver/wire.go:144.54,146.4 1 1
github.com/webdriver/wire.go:146.4,148.4 1 1
github.com/webdriver/wire.go:152.58,156.4 1 1
github.com/webdriver/wire.go:173.67,175.61 1 1
github.com/webdriver/wire.go:181.3,181.27 1 1
github.com/webdriver/wire.go:175.61,179.4 1 1
github.com/webdriver/wire.go:195.65,197.78 1 1
github.com/webdriver/wire.go:203.3,203.27 1 1
github.com/webdriver/wire.go:197.78,201.4 1 1
github.com/webdriver/wire.go:211.65,213.59 1 1
github.com/webdriver/wire.go:219.3,219.27 1 1
github.com/webdriver/wire.go:213.59,217.4 1 1
github.com/webdriver/wire.go:227.64,229.77 1 1
github.com/webdriver/wire.go:235.3,235.27 1 1
github.com/webdriver/wire.go:229.77,233.4 1 1
github.com/webdriver/wire.go:248.72,252.64 2 1
github.com/webdriver/wire.go:258.3,258.27 1 1
github.com/webdriver/wire.go:252.64,256.4 1 1
github.com/webdriver/firefox.go:46.45,48.28 1 1
github.com/webdriver/firefox.go:49.3,49.29 1 1
github.com/webdriver/firefox.go:50.3,50.19 1 1
github.com/webdriver/firefox.go:51.3,51.25 1 1
github.com/webdriver/firefox.go:52.3,52.23 1 1
github.com/webdriver/firefox.go:53.3,53.18 1 1
github.com/webdriver/firefox.go:54.3,54.21 1 1
github.com/webdriver/firefox.go:55.3,55.27 1 1
github.com/webdriver/firefox.go:57.3,63.25 6 1
github.com/webdriver/firefox.go:68.3,68.29 1 1
github.com/webdriver/firefox.go:76.3,76.47 1 1
github.com/webdriver/firefox.go:85.3,85.31 1 1
github.com/webdriver/firefox.go:86.3,86.37 1 1
github.com/webdriver/firefox.go:87.3,87.39 1 1
github.com/webdriver/firefox.go:103.3,103.25 1 1
github.com/webdriver/firefox.go:115.3,122.13 6 1
github.com/webdriver/firefox.go:48.28,48.53 1 1
github.com/webdriver/firefox.go:49.29,49.55 1 1
github.com/webdriver/firefox.go:50.19,50.41 1 1
github.com/webdriver/firefox.go:51.25,51.47 1 1
github.com/webdriver/firefox.go:52.23,52.47 1 1
github.com/webdriver/firefox.go:53.18,53.33 1 1
github.com/webdriver/firefox.go:54.21,54.37 1 1
github.com/webdriver/firefox.go:55.27,55.53 1 1
github.com/webdriver/firefox.go:63.25,65.4 1 1
github.com/webdriver/firefox.go:68.29,72.4 3 1
github.com/webdriver/firefox.go:76.47,83.4 4 1
github.com/webdriver/firefox.go:85.31,85.62 1 1
github.com/webdriver/firefox.go:86.37,86.74 1 1
github.com/webdriver/firefox.go:87.39,97.4 1 1
github.com/webdriver/firefox.go:103.25,109.30 2 1
github.com/webdriver/firefox.go:109.30,111.6 1 1
github.com/webdriver/firefox.go:126.37,129.40 2 1
github.com/webdriver/firefox.go:182.3,182.13 1 1
github.com/webdriver/firefox.go:129.40,132.105 2 1
github.com/webdriver/firefox.go:132.105,138.108 3 1
github.com/webdriver/firefox.go:138.108,142.48 2 1
github.com/webdriver/firefox.go:142.48,174.10 13 1
github.com/webdriver/firefox.go:186.39,190.23 2 1
github.com/webdriver/firefox.go:197.3,199.34 2 1
github.com/webdriver/firefox.go:210.3,210.13 1 1
github.com/webdriver/firefox.go:190.23,195.4 3 1
github.com/webdriver/firefox.go:199.34,201.51 1 1
github.com/webdriver/firefox.go:201.51,206.6 2 1
github.com/webdriver/firefox_extension.go:39.44,48.83 3 1
github.com/webdriver/firefox_extension.go:64.3,64.13 1 1
github.com/webdriver/firefox_extension.go:48.83,51.69 1 1
github.com/webdriver/firefox_extension.go:51.69,53.55 1 1
github.com/webdriver/firefox_extension.go:53.55,58.8 1 1
github.com/webdriver/firefox_extension.go:67.54,79.56 2 1
github.com/webdriver/firefox_extension.go:98.3,98.13 1 1
github.com/webdriver/firefox_extension.go:79.56,86.19 3 1
github.com/webdriver/firefox_extension.go:86.19,91.6 4 1
github.com/webdriver/firefox_extension.go:91.6,93.6 1 1
github.com/webdriver/firefox_extension.go:94.4,96.4 1 1
github.com/webdriver/firefox_extension.go:105.58,112.53 4 1
github.com/webdriver/firefox_extension.go:129.3,131.13 2 1
github.com/webdriver/firefox_extension.go:112.53,113.68 1 1
github.com/webdriver/firefox_extension.go:113.68,116.38 2 1
github.com/webdriver/firefox_extension.go:116.38,118.54 1 1
github.com/webdriver/firefox_extension.go:122.9,122.19 1 1
github.com/webdriver/firefox_extension.go:118.54,119.16 1 1
github.com/webdriver/firefox_extension.go:135.63,140.39 2 1
github.com/webdriver/firefox_extension.go:162.3,162.13 1 1
github.com/webdriver/firefox_extension.go:140.39,144.29 3 1
github.com/webdriver/firefox_extension.go:144.29,146.6 1 1
github.com/webdriver/firefox_extension.go:146.6,151.72 2 1
github.com/webdriver/firefox_extension.go:151.72,156.8 2 1
github.com/webdriver/firefox_extension.go:167.76,172.53 3 1
github.com/webdriver/firefox_extension.go:208.3,208.28 1 1
github.com/webdriver/firefox_extension.go:172.53,177.68 1 1
github.com/webdriver/firefox_extension.go:177.68,180.38 2 1
github.com/webdriver/firefox_extension.go:180.38,182.32 1 1
github.com/webdriver/firefox_extension.go:182.32,183.55 1 1
github.com/webdriver/firefox_extension.go:183.55,185.49 1 1
github.com/webdriver/firefox_extension.go:185.49,188.65 2 1
github.com/webdriver/firefox_extension.go:196.15,196.27 1 1
github.com/webdriver/firefox_extension.go:188.65,191.71 2 1
github.com/webdriver/firefox_extension.go:191.71,193.18 1 1
github.com/webdriver/firefox_extension.go:200.10,201.16 1 1
github.com/webdriver/firefox_extension.go:213.56,218.62 3 1
github.com/webdriver/firefox_extension.go:224.3,224.17 1 1
github.com/webdriver/firefox_extension.go:235.3,235.13 1 1
github.com/webdriver/firefox_extension.go:218.62,222.4 1 1
github.com/webdriver/firefox_extension.go:224.17,227.19 2 1
github.com/webdriver/firefox_extension.go:227.19,231.6 3 1
github.com/webdriver/firefox_extension.go:252.55,254.43 1 1
github.com/webdriver/firefox_extension.go:269.3,269.13 1 1
github.com/webdriver/firefox_extension.go:254.43,256.46 1 1
github.com/webdriver/firefox_extension.go:256.46,258.21 1 1
github.com/webdriver/firefox_extension.go:258.21,261.60 2 1
github.com/webdriver/firefox_extension.go:261.60,263.10 1 1
github.com/webdriver/tcp.go:12.73,18.7 3 1
github.com/webdriver/tcp.go:39.3,39.13 1 1
github.com/webdriver/tcp.go:18.7,21.64 1 1
github.com/webdriver/tcp.go:28.5,33.45 2 1
github.com/webdriver/tcp.go:21.64,24.12 2 1
github.com/webdriver/tcp.go:33.45,35.6 1 1
github.com/webdriver/tcp.go:42.93,48.7 3 1
github.com/webdriver/tcp.go:68.3,68.18 1 1
github.com/webdriver/tcp.go:48.7,51.64 1 1
github.com/webdriver/tcp.go:56.5,61.45 2 1
github.com/webdriver/tcp.go:51.64,54.6 1 1
github.com/webdriver/tcp.go:61.45,63.12 2 1
github.com/webdriver/tcp.go:71.93,75.15 2 1
github.com/webdriver/tcp.go:115.3,115.22 1 1
github.com/webdriver/tcp.go:75.15,82.35 2 1
github.com/webdriver/tcp.go:82.35,87.66 2 1
github.com/webdriver/tcp.go:99.7,104.47 2 1
github.com/webdriver/tcp.go:87.66,96.14 3 1
github.com/webdriver/tcp.go:104.47,106.14 2 1
github.com/webdriver/tcp.go:111.4,113.4 1 1
github.com/webdriver/web_element.go:34.57,36.2 1 1
github.com/webdriver/web_element.go:65.98,69.84 2 1
github.com/webdriver/web_element.go:79.3,79.27 1 1
github.com/webdriver/web_element.go:69.84,73.28 2 1
github.com/webdriver/web_element.go:73.28,75.6 1 1
github.com/webdriver/web_element.go:109.99,113.84 2 1
github.com/webdriver/web_element.go:123.3,123.27 1 1
github.com/webdriver/web_element.go:113.84,117.28 2 1
github.com/webdriver/web_element.go:117.28,119.6 1 1
github.com/webdriver/web_element.go:131.69,135.48 2 1
github.com/webdriver/web_element.go:145.3,145.27 1 1
github.com/webdriver/web_element.go:135.48,139.28 2 1
github.com/webdriver/web_element.go:139.28,141.6 1 1
